Compiling the C compiler identification source file "CMakeCCompilerId.c" failed.
Compiler: cl 
Build flags: 
Id flags:  

The output was:
The system cannot find the file specified


Compiling the C compiler identification source file "CMakeCCompilerId.c" failed.
Compiler: cl 
Build flags: 
Id flags: -c 

The output was:
The system cannot find the file specified


Compiling the C compiler identification source file "CMakeCCompilerId.c" failed.
Compiler: cl 
Build flags: 
Id flags: -Aa 

The output was:
The system cannot find the file specified


Compiling the C compiler identification source file "CMakeCCompilerId.c" failed.
Compiler: cl 
Build flags: 
Id flags: -D__CLASSIC_C__ 

The output was:
The system cannot find the file specified


Compiling the C compiler identification source file "CMakeCCompilerId.c" failed.
Compiler: cl 
Build flags: 
Id flags:  

The output was:
The system cannot find the file specified


Compiling the C compiler identification source file "CMakeCCompilerId.c" failed.
Compiler: cl 
Build flags: 
Id flags: -c 

The output was:
The system cannot find the file specified


Compiling the C compiler identification source file "CMakeCCompilerId.c" failed.
Compiler: cl 
Build flags: 
Id flags: -Aa 

The output was:
The system cannot find the file specified


Compiling the C compiler identification source file "CMakeCCompilerId.c" failed.
Compiler: cl 
Build flags: 
Id flags: -D__CLASSIC_C__ 

The output was:
The system cannot find the file specified


Checking whether the C compiler is IAR using "" did not match "IAR .+ Compiler":
Checking whether the C compiler is IAR using "" did not match "IAR .+ Compiler":
Compiling the CXX compiler identification source file "CMakeCXXCompilerId.cpp" failed.
Compiler: cl 
Build flags: 
Id flags:  

The output was:
The system cannot find the file specified


Compiling the CXX compiler identification source file "CMakeCXXCompilerId.cpp" failed.
Compiler: cl 
Build flags: 
Id flags: -c 

The output was:
The system cannot find the file specified


Compiling the CXX compiler identification source file "CMakeCXXCompilerId.cpp" failed.
Compiler: cl 
Build flags: 
Id flags: --c++ 

The output was:
The system cannot find the file specified


Compiling the CXX compiler identification source file "CMakeCXXCompilerId.cpp" failed.
Compiler: cl 
Build flags: 
Id flags: --ec++ 

The output was:
The system cannot find the file specified


Compiling the CXX compiler identification source file "CMakeCXXCompilerId.cpp" failed.
Compiler: cl 
Build flags: 
Id flags:  

The output was:
The system cannot find the file specified


Compiling the CXX compiler identification source file "CMakeCXXCompilerId.cpp" failed.
Compiler: cl 
Build flags: 
Id flags: -c 

The output was:
The system cannot find the file specified


Compiling the CXX compiler identification source file "CMakeCXXCompilerId.cpp" failed.
Compiler: cl 
Build flags: 
Id flags: --c++ 

The output was:
The system cannot find the file specified


Compiling the CXX compiler identification source file "CMakeCXXCompilerId.cpp" failed.
Compiler: cl 
Build flags: 
Id flags: --ec++ 

The output was:
The system cannot find the file specified


Checking whether the CXX compiler is IAR using "" did not match "IAR .+ Compiler":
Checking whether the CXX compiler is IAR using "" did not match "IAR .+ Compiler":
Determining if the include file pthread.h exists failed with the following output:
Change Dir: D:/Dev/RogueGame/CMakeFiles/CMakeTmp

Run Build Command:"nmake" "/nologo" "cmTC_f4b27\fast"
	"C:\Program Files (x86)\Microsoft Visual Studio\2017\Community\VC\Tools\MSVC\14.14.26428\bin\HostX64\x64\nmake.exe" -f CMakeFiles\cmTC_f4b27.dir\build.make /nologo -L                  CMakeFiles\cmTC_f4b27.dir\build
Building C object CMakeFiles/cmTC_f4b27.dir/CheckIncludeFile.c.obj
	C:\PROGRA~2\MICROS~1\2017\COMMUN~1\VC\Tools\MSVC\1414~1.264\bin\Hostx64\x64\cl.exe @C:\Users\jwvan\AppData\Local\Temp\nmFBFD.tmp
CheckIncludeFile.c
D:\Dev\RogueGame\CMakeFiles\CMakeTmp\CheckIncludeFile.c(1): fatal error C1083: Cannot open include file: 'pthread.h': No such file or directory
NMAKE : fatal error U1077: 'C:\PROGRA~2\MICROS~1\2017\COMMUN~1\VC\Tools\MSVC\1414~1.264\bin\Hostx64\x64\cl.exe' : return code '0x2'
Stop.
NMAKE : fatal error U1077: '"C:\Program Files (x86)\Microsoft Visual Studio\2017\Community\VC\Tools\MSVC\14.14.26428\bin\HostX64\x64\nmake.exe"' : return code '0x2'
Stop.


Determining size of off64_t failed with the following output:
Change Dir: D:/Dev/RogueGame/CMakeFiles/CMakeTmp

Run Build Command:"nmake" "/nologo" "cmTC_3b7e5\fast"
	"C:\Program Files (x86)\Microsoft Visual Studio\2017\Community\VC\Tools\MSVC\14.14.26428\bin\HostX64\x64\nmake.exe" -f CMakeFiles\cmTC_3b7e5.dir\build.make /nologo -L                  CMakeFiles\cmTC_3b7e5.dir\build
Building C object CMakeFiles/cmTC_3b7e5.dir/OFF64_T.c.obj
	C:\PROGRA~2\MICROS~1\2017\COMMUN~1\VC\Tools\MSVC\1414~1.264\bin\Hostx64\x64\cl.exe @C:\Users\jwvan\AppData\Local\Temp\nm185F.tmp
OFF64_T.c
D:\Dev\RogueGame\CMakeFiles\CheckTypeSize\OFF64_T.c(25): error C2065: 'off64_t': undeclared identifier
D:\Dev\RogueGame\CMakeFiles\CheckTypeSize\OFF64_T.c(26): error C2065: 'off64_t': undeclared identifier
D:\Dev\RogueGame\CMakeFiles\CheckTypeSize\OFF64_T.c(27): error C2065: 'off64_t': undeclared identifier
D:\Dev\RogueGame\CMakeFiles\CheckTypeSize\OFF64_T.c(28): error C2065: 'off64_t': undeclared identifier
D:\Dev\RogueGame\CMakeFiles\CheckTypeSize\OFF64_T.c(29): error C2065: 'off64_t': undeclared identifier
NMAKE : fatal error U1077: 'C:\PROGRA~2\MICROS~1\2017\COMMUN~1\VC\Tools\MSVC\1414~1.264\bin\Hostx64\x64\cl.exe' : return code '0x2'
Stop.
NMAKE : fatal error U1077: '"C:\Program Files (x86)\Microsoft Visual Studio\2017\Community\VC\Tools\MSVC\14.14.26428\bin\HostX64\x64\nmake.exe"' : return code '0x2'
Stop.

D:/Dev/RogueGame/CMakeFiles/CheckTypeSize/OFF64_T.c:
#include <sys/types.h>
#include <stdint.h>
#include <stddef.h>


#undef KEY
#if defined(__i386)
# define KEY '_','_','i','3','8','6'
#elif defined(__x86_64)
# define KEY '_','_','x','8','6','_','6','4'
#elif defined(__ppc__)
# define KEY '_','_','p','p','c','_','_'
#elif defined(__ppc64__)
# define KEY '_','_','p','p','c','6','4','_','_'
#elif defined(__aarch64__)
# define KEY '_','_','a','a','r','c','h','6','4','_','_'
#elif defined(__ARM_ARCH_7A__)
# define KEY '_','_','A','R','M','_','A','R','C','H','_','7','A','_','_'
#elif defined(__ARM_ARCH_7S__)
# define KEY '_','_','A','R','M','_','A','R','C','H','_','7','S','_','_'
#endif

#define SIZE (sizeof(off64_t))
char info_size[] =  {'I', 'N', 'F', 'O', ':', 's','i','z','e','[',
  ('0' + ((SIZE / 10000)%10)),
  ('0' + ((SIZE / 1000)%10)),
  ('0' + ((SIZE / 100)%10)),
  ('0' + ((SIZE / 10)%10)),
  ('0' +  (SIZE    % 10)),
  ']',
#ifdef KEY
  ' ','k','e','y','[', KEY, ']',
#endif
  '\0'};

#ifdef __CLASSIC_C__
int main(argc, argv) int argc; char *argv[];
#else
int main(int argc, char *argv[])
#endif
{
  int require = 0;
  require += info_size[argc];
  (void)argv;
  return require;
}


Determining if the function fseeko exists failed with the following output:
Change Dir: D:/Dev/RogueGame/CMakeFiles/CMakeTmp

Run Build Command:"nmake" "/nologo" "cmTC_fb387\fast"
	"C:\Program Files (x86)\Microsoft Visual Studio\2017\Community\VC\Tools\MSVC\14.14.26428\bin\HostX64\x64\nmake.exe" -f CMakeFiles\cmTC_fb387.dir\build.make /nologo -L                  CMakeFiles\cmTC_fb387.dir\build
Building C object CMakeFiles/cmTC_fb387.dir/CheckFunctionExists.c.obj
	C:\PROGRA~2\MICROS~1\2017\COMMUN~1\VC\Tools\MSVC\1414~1.264\bin\Hostx64\x64\cl.exe @C:\Users\jwvan\AppData\Local\Temp\nm19F5.tmp
CheckFunctionExists.c
Linking C executable cmTC_fb387.exe
	D:\Dev\Cmake\bin\cmake.exe -E vs_link_exe --intdir=CMakeFiles\cmTC_fb387.dir --manifests  -- C:\PROGRA~2\MICROS~1\2017\COMMUN~1\VC\Tools\MSVC\1414~1.264\bin\Hostx64\x64\link.exe /nologo @CMakeFiles\cmTC_fb387.dir\objects1.rsp @C:\Users\jwvan\AppData\Local\Temp\nm1AC1.tmp
LINK Pass 1: command "C:\PROGRA~2\MICROS~1\2017\COMMUN~1\VC\Tools\MSVC\1414~1.264\bin\Hostx64\x64\link.exe /nologo @CMakeFiles\cmTC_fb387.dir\objects1.rsp /out:cmTC_fb387.exe /implib:cmTC_fb387.lib /pdb:D:\Dev\RogueGame\CMakeFiles\CMakeTmp\cmTC_fb387.pdb /version:0.0 /machine:x64 /debug /INCREMENTAL /subsystem:console kernel32.lib user32.lib gdi32.lib winspool.lib shell32.lib ole32.lib oleaut32.lib uuid.lib comdlg32.lib advapi32.lib /MANIFEST /MANIFESTFILE:CMakeFiles\cmTC_fb387.dir/intermediate.manifest CMakeFiles\cmTC_fb387.dir/manifest.res" failed (exit code 1120) with the following output:
CheckFunctionExists.c.obj : error LNK2019: unresolved external symbol fseeko referenced in function main
cmTC_fb387.exe : fatal error LNK1120: 1 unresolved externals
NMAKE : fatal error U1077: 'D:\Dev\Cmake\bin\cmake.exe' : return code '0xffffffff'
Stop.
NMAKE : fatal error U1077: '"C:\Program Files (x86)\Microsoft Visual Studio\2017\Community\VC\Tools\MSVC\14.14.26428\bin\HostX64\x64\nmake.exe"' : return code '0x2'
Stop.


Determining if the include file unistd.h exists failed with the following output:
Change Dir: D:/Dev/RogueGame/CMakeFiles/CMakeTmp

Run Build Command:"nmake" "/nologo" "cmTC_4d823\fast"
	"C:\Program Files (x86)\Microsoft Visual Studio\2017\Community\VC\Tools\MSVC\14.14.26428\bin\HostX64\x64\nmake.exe" -f CMakeFiles\cmTC_4d823.dir\build.make /nologo -L                  CMakeFiles\cmTC_4d823.dir\build
Building C object CMakeFiles/cmTC_4d823.dir/CheckIncludeFile.c.obj
	C:\PROGRA~2\MICROS~1\2017\COMMUN~1\VC\Tools\MSVC\1414~1.264\bin\Hostx64\x64\cl.exe @C:\Users\jwvan\AppData\Local\Temp\nm1D9E.tmp
CheckIncludeFile.c
D:\Dev\RogueGame\CMakeFiles\CMakeTmp\CheckIncludeFile.c(1): fatal error C1083: Cannot open include file: 'unistd.h': No such file or directory
NMAKE : fatal error U1077: 'C:\PROGRA~2\MICROS~1\2017\COMMUN~1\VC\Tools\MSVC\1414~1.264\bin\Hostx64\x64\cl.exe' : return code '0x2'
Stop.
NMAKE : fatal error U1077: '"C:\Program Files (x86)\Microsoft Visual Studio\2017\Community\VC\Tools\MSVC\14.14.26428\bin\HostX64\x64\nmake.exe"' : return code '0x2'
Stop.


